<?xml version="1.0" encoding="UTF-8"?>
<!-- Generated by org.testng.reporters.JUnitXMLReporter -->
<testsuite hostname="EXAIN-IT-L0108" ignored="2" name="Test 1 : Chrome LoginPage Test" tests="2" failures="0" timestamp="26 Dec 2018 07:53:04 GMT" time="34.945" errors="0">
  <testcase name="loginPageTitleTest" time="0.042" classname="com.qa.testcases.LoginPageTest"/>
  <testcase name="loginPageLogoTest" time="0.091" classname="com.qa.testcases.LoginPageTest"/>
  <testcase name="validateFeaturesLink" time="0.0" classname="com.qa.testcases.LoginPageTest">
    <ignored/>
  </testcase> <!-- validateFeaturesLink -->
  <testcase name="loginToFreeCRMApplication" time="0.0" classname="com.qa.testcases.LoginPageTest">
    <ignored/>
  </testcase> <!-- loginToFreeCRMApplication -->
</testsuite> <!-- Test 1 : Chrome LoginPage Test -->
