<?xml version="1.0" encoding="UTF-8"?>
<!-- Generated by org.testng.reporters.JUnitXMLReporter -->
<testsuite hostname="EXAIN-IT-L0108" ignored="5" name="Test 2 : Firefox HomePage Test" tests="4" failures="0" timestamp="26 Dec 2018 07:54:02 GMT" time="92.514" errors="0">
  <testcase name="loginPageTitleTest" time="0.045" classname="com.qa.testcases.LoginPageTest"/>
  <testcase name="createTasks" time="3.654" classname="com.qa.testcases.TasksPageTest"/>
  <testcase name="createTasks" time="2.436" classname="com.qa.testcases.TasksPageTest"/>
  <testcase name="homePageContactsLink" time="1.243" classname="com.qa.testcases.HomePageTest"/>
  <testcase name="validateFeaturesLink" time="0.0" classname="com.qa.testcases.LoginPageTest">
    <ignored/>
  </testcase> <!-- validateFeaturesLink -->
  <testcase name="homePageUserValidation" time="0.0" classname="com.qa.testcases.HomePageTest">
    <ignored/>
  </testcase> <!-- homePageUserValidation -->
  <testcase name="loginPageLogoTest" time="0.0" classname="com.qa.testcases.LoginPageTest">
    <ignored/>
  </testcase> <!-- loginPageLogoTest -->
  <testcase name="homePageTitleTest" time="0.0" classname="com.qa.testcases.HomePageTest">
    <ignored/>
  </testcase> <!-- homePageTitleTest -->
  <testcase name="loginToFreeCRMApplication" time="0.0" classname="com.qa.testcases.LoginPageTest">
    <ignored/>
  </testcase> <!-- loginToFreeCRMApplication -->
</testsuite> <!-- Test 2 : Firefox HomePage Test -->
