<?xml version="1.0" encoding="UTF-8"?>
<!-- Generated by org.testng.reporters.JUnitXMLReporter -->
<testsuite hostname="EXAIN-IT-L0108" ignored="0" name="Default test" tests="4" failures="0" timestamp="31 Dec 2018 11:36:27 GMT" time="41.611" errors="0">
  <testcase name="loginPageTitleTest" time="0.029" classname="com.qa.testcases.LoginPageTest"/>
  <testcase name="loginPageLogoTest" time="0.057" classname="com.qa.testcases.LoginPageTest"/>
  <testcase name="validateFeaturesLink" time="3.278" classname="com.qa.testcases.LoginPageTest"/>
  <testcase name="loginToFreeCRMApplication" time="5.513" classname="com.qa.testcases.LoginPageTest"/>
</testsuite> <!-- Default test -->
