<?xml version="1.0" encoding="UTF-8"?>
<testng-results skipped="0" failed="0" ignored="7" total="13" passed="6">
  <reporter-output>
  </reporter-output>
  <suite name="Test Maven Suite" duration-ms="92514" started-at="2018-12-26T07:52:29Z" finished-at="2018-12-26T07:54:02Z">
    <groups>
    </groups>
    <test name="Test 1 : Chrome LoginPage Test" duration-ms="34945" started-at="2018-12-26T07:52:29Z" finished-at="2018-12-26T07:53:04Z">
      <class name="com.qa.testcases.LoginPageTest">
        <test-method status="PASS" signature="setUp(java.lang.String, java.lang.String)[pri:0, instance:com.qa.testcases.LoginPageTest@2cb4c3ab]" name="setUp" is-config="true" duration-ms="25577" started-at="2018-12-26T07:52:29Z" finished-at="2018-12-26T07:52:55Z">
          <params>
            <param index="0">
              <value>
                <![CDATA[4445]]>
              </value>
            </param>
            <param index="1">
              <value>
                <![CDATA[https://www.freecrm.com]]>
              </value>
            </param>
          </params>
          <reporter-output>
          </reporter-output>
        </test-method> <!-- setUp -->
        <test-method status="PASS" signature="loginPageTitleTest()[pri:1, instance:com.qa.testcases.LoginPageTest@2cb4c3ab]" name="loginPageTitleTest" duration-ms="42" started-at="2018-12-26T07:52:55Z" finished-at="2018-12-26T07:52:55Z">
          <reporter-output>
          </reporter-output>
        </test-method> <!-- loginPageTitleTest -->
        <test-method status="PASS" signature="tearDown()[pri:0, instance:com.qa.testcases.LoginPageTest@2cb4c3ab]" name="tearDown" is-config="true" duration-ms="1" started-at="2018-12-26T07:52:55Z" finished-at="2018-12-26T07:52:55Z">
          <reporter-output>
          </reporter-output>
        </test-method> <!-- tearDown -->
        <test-method status="PASS" signature="setUp(java.lang.String, java.lang.String)[pri:0, instance:com.qa.testcases.LoginPageTest@2cb4c3ab]" name="setUp" is-config="true" duration-ms="9212" started-at="2018-12-26T07:52:55Z" finished-at="2018-12-26T07:53:04Z">
          <params>
            <param index="0">
              <value>
                <![CDATA[4445]]>
              </value>
            </param>
            <param index="1">
              <value>
                <![CDATA[https://www.freecrm.com]]>
              </value>
            </param>
          </params>
          <reporter-output>
          </reporter-output>
        </test-method> <!-- setUp -->
        <test-method status="PASS" signature="loginPageLogoTest()[pri:2, instance:com.qa.testcases.LoginPageTest@2cb4c3ab]" name="loginPageLogoTest" duration-ms="91" started-at="2018-12-26T07:53:04Z" finished-at="2018-12-26T07:53:04Z">
          <reporter-output>
          </reporter-output>
        </test-method> <!-- loginPageLogoTest -->
        <test-method status="PASS" signature="tearDown()[pri:0, instance:com.qa.testcases.LoginPageTest@2cb4c3ab]" name="tearDown" is-config="true" duration-ms="0" started-at="2018-12-26T07:53:04Z" finished-at="2018-12-26T07:53:04Z">
          <reporter-output>
          </reporter-output>
        </test-method> <!-- tearDown -->
      </class> <!-- com.qa.testcases.LoginPageTest -->
    </test> <!-- Test 1 : Chrome LoginPage Test -->
    <test name="Test 2 : Firefox HomePage Test" duration-ms="92514" started-at="2018-12-26T07:52:29Z" finished-at="2018-12-26T07:54:02Z">
      <class name="com.qa.testcases.TasksPageTest">
        <test-method status="PASS" signature="setUp(java.lang.String, java.lang.String)[pri:0, instance:com.qa.testcases.TasksPageTest@50c87b21]" name="setUp" is-config="true" duration-ms="23004" started-at="2018-12-26T07:52:56Z" finished-at="2018-12-26T07:53:19Z">
          <params>
            <param index="0">
              <value>
                <![CDATA[4446]]>
              </value>
            </param>
            <param index="1">
              <value>
                <![CDATA[https://www.freecrm.com]]>
              </value>
            </param>
          </params>
          <reporter-output>
          </reporter-output>
        </test-method> <!-- setUp -->
        <test-method status="PASS" signature="createTasks(java.lang.String, java.lang.String, java.lang.String, java.lang.String)[pri:1, instance:com.qa.testcases.TasksPageTest@50c87b21]" name="createTasks" duration-ms="3654" started-at="2018-12-26T07:53:19Z" data-provider="getCRMTestData" finished-at="2018-12-26T07:53:23Z">
          <params>
            <param index="0">
              <value>
                <![CDATA[Mr.]]>
              </value>
            </param>
            <param index="1">
              <value>
                <![CDATA[10.0]]>
              </value>
            </param>
            <param index="2">
              <value>
                <![CDATA[Call]]>
              </value>
            </param>
            <param index="3">
              <value>
                <![CDATA[Low]]>
              </value>
            </param>
          </params>
          <reporter-output>
          </reporter-output>
        </test-method> <!-- createTasks -->
        <test-method status="PASS" signature="setUp(java.lang.String, java.lang.String)[pri:0, instance:com.qa.testcases.TasksPageTest@50c87b21]" name="setUp" is-config="true" duration-ms="17981" started-at="2018-12-26T07:53:23Z" finished-at="2018-12-26T07:53:41Z">
          <params>
            <param index="0">
              <value>
                <![CDATA[4446]]>
              </value>
            </param>
            <param index="1">
              <value>
                <![CDATA[https://www.freecrm.com]]>
              </value>
            </param>
          </params>
          <reporter-output>
          </reporter-output>
        </test-method> <!-- setUp -->
        <test-method status="PASS" signature="tearDown()[pri:0, instance:com.qa.testcases.TasksPageTest@50c87b21]" name="tearDown" is-config="true" duration-ms="0" started-at="2018-12-26T07:53:23Z" finished-at="2018-12-26T07:53:23Z">
          <reporter-output>
          </reporter-output>
        </test-method> <!-- tearDown -->
        <test-method status="PASS" signature="createTasks(java.lang.String, java.lang.String, java.lang.String, java.lang.String)[pri:1, instance:com.qa.testcases.TasksPageTest@50c87b21]" name="createTasks" duration-ms="2436" started-at="2018-12-26T07:53:41Z" data-provider="getCRMTestData" finished-at="2018-12-26T07:53:43Z">
          <params>
            <param index="0">
              <value>
                <![CDATA[Dr.]]>
              </value>
            </param>
            <param index="1">
              <value>
                <![CDATA[20.0]]>
              </value>
            </param>
            <param index="2">
              <value>
                <![CDATA[Delivery]]>
              </value>
            </param>
            <param index="3">
              <value>
                <![CDATA[Normal]]>
              </value>
            </param>
          </params>
          <reporter-output>
          </reporter-output>
        </test-method> <!-- createTasks -->
        <test-method status="PASS" signature="tearDown()[pri:0, instance:com.qa.testcases.TasksPageTest@50c87b21]" name="tearDown" is-config="true" duration-ms="0" started-at="2018-12-26T07:53:43Z" finished-at="2018-12-26T07:53:43Z">
          <reporter-output>
          </reporter-output>
        </test-method> <!-- tearDown -->
      </class> <!-- com.qa.testcases.TasksPageTest -->
      <class name="com.qa.testcases.HomePageTest">
        <test-method status="PASS" signature="setUp(java.lang.String, java.lang.String)[pri:0, instance:com.qa.testcases.HomePageTest@6d78f375]" name="setUp" is-config="true" duration-ms="17484" started-at="2018-12-26T07:53:43Z" finished-at="2018-12-26T07:54:01Z">
          <params>
            <param index="0">
              <value>
                <![CDATA[4446]]>
              </value>
            </param>
            <param index="1">
              <value>
                <![CDATA[https://www.freecrm.com]]>
              </value>
            </param>
          </params>
          <reporter-output>
          </reporter-output>
        </test-method> <!-- setUp -->
        <test-method status="PASS" signature="homePageContactsLink()[pri:3, instance:com.qa.testcases.HomePageTest@6d78f375]" name="homePageContactsLink" duration-ms="1243" started-at="2018-12-26T07:54:01Z" finished-at="2018-12-26T07:54:02Z">
          <reporter-output>
          </reporter-output>
        </test-method> <!-- homePageContactsLink -->
        <test-method status="PASS" signature="tearDown()[pri:0, instance:com.qa.testcases.HomePageTest@6d78f375]" name="tearDown" is-config="true" duration-ms="0" started-at="2018-12-26T07:54:02Z" finished-at="2018-12-26T07:54:02Z">
          <reporter-output>
          </reporter-output>
        </test-method> <!-- tearDown -->
      </class> <!-- com.qa.testcases.HomePageTest -->
      <class name="com.qa.testcases.LoginPageTest">
        <test-method status="PASS" signature="setUp(java.lang.String, java.lang.String)[pri:0, instance:com.qa.testcases.LoginPageTest@7ac7a4e4]" name="setUp" is-config="true" duration-ms="25577" started-at="2018-12-26T07:52:29Z" finished-at="2018-12-26T07:52:55Z">
          <params>
            <param index="0">
              <value>
                <![CDATA[4446]]>
              </value>
            </param>
            <param index="1">
              <value>
                <![CDATA[https://www.freecrm.com]]>
              </value>
            </param>
          </params>
          <reporter-output>
          </reporter-output>
        </test-method> <!-- setUp -->
        <test-method status="PASS" signature="loginPageTitleTest()[pri:1, instance:com.qa.testcases.LoginPageTest@7ac7a4e4]" name="loginPageTitleTest" duration-ms="45" started-at="2018-12-26T07:52:55Z" finished-at="2018-12-26T07:52:55Z">
          <reporter-output>
          </reporter-output>
        </test-method> <!-- loginPageTitleTest -->
        <test-method status="PASS" signature="tearDown()[pri:0, instance:com.qa.testcases.LoginPageTest@7ac7a4e4]" name="tearDown" is-config="true" duration-ms="0" started-at="2018-12-26T07:52:55Z" finished-at="2018-12-26T07:52:55Z">
          <reporter-output>
          </reporter-output>
        </test-method> <!-- tearDown -->
      </class> <!-- com.qa.testcases.LoginPageTest -->
    </test> <!-- Test 2 : Firefox HomePage Test -->
  </suite> <!-- Test Maven Suite -->
</testng-results>
