<?xml version="1.0" encoding="UTF-8"?>
<testng-results skipped="0" failed="0" ignored="0" total="4" passed="4">
  <reporter-output>
  </reporter-output>
  <suite name="Default suite" duration-ms="41611" started-at="2018-12-31T11:35:46Z" finished-at="2018-12-31T11:36:27Z">
    <groups>
    </groups>
    <test name="Default test" duration-ms="41611" started-at="2018-12-31T11:35:46Z" finished-at="2018-12-31T11:36:27Z">
      <class name="com.qa.testcases.LoginPageTest">
        <test-method status="PASS" signature="setUp()[pri:0, instance:com.qa.testcases.LoginPageTest@39c0f4a]" name="setUp" is-config="true" duration-ms="8085" started-at="2018-12-31T11:35:46Z" finished-at="2018-12-31T11:35:54Z">
          <reporter-output>
          </reporter-output>
        </test-method> <!-- setUp -->
        <test-method status="PASS" signature="loginPageTitleTest()[pri:1, instance:com.qa.testcases.LoginPageTest@39c0f4a]" name="loginPageTitleTest" duration-ms="29" started-at="2018-12-31T11:35:54Z" finished-at="2018-12-31T11:35:54Z">
          <reporter-output>
          </reporter-output>
        </test-method> <!-- loginPageTitleTest -->
        <test-method status="PASS" signature="tearDown()[pri:0, instance:com.qa.testcases.LoginPageTest@39c0f4a]" name="tearDown" is-config="true" duration-ms="1" started-at="2018-12-31T11:35:54Z" finished-at="2018-12-31T11:35:54Z">
          <reporter-output>
          </reporter-output>
        </test-method> <!-- tearDown -->
        <test-method status="PASS" signature="setUp()[pri:0, instance:com.qa.testcases.LoginPageTest@39c0f4a]" name="setUp" is-config="true" duration-ms="8187" started-at="2018-12-31T11:35:54Z" finished-at="2018-12-31T11:36:02Z">
          <reporter-output>
          </reporter-output>
        </test-method> <!-- setUp -->
        <test-method status="PASS" signature="loginPageLogoTest()[pri:2, instance:com.qa.testcases.LoginPageTest@39c0f4a]" name="loginPageLogoTest" duration-ms="57" started-at="2018-12-31T11:36:02Z" finished-at="2018-12-31T11:36:02Z">
          <reporter-output>
          </reporter-output>
        </test-method> <!-- loginPageLogoTest -->
        <test-method status="PASS" signature="tearDown()[pri:0, instance:com.qa.testcases.LoginPageTest@39c0f4a]" name="tearDown" is-config="true" duration-ms="1" started-at="2018-12-31T11:36:02Z" finished-at="2018-12-31T11:36:02Z">
          <reporter-output>
          </reporter-output>
        </test-method> <!-- tearDown -->
        <test-method status="PASS" signature="setUp()[pri:0, instance:com.qa.testcases.LoginPageTest@39c0f4a]" name="setUp" is-config="true" duration-ms="8326" started-at="2018-12-31T11:36:02Z" finished-at="2018-12-31T11:36:10Z">
          <reporter-output>
          </reporter-output>
        </test-method> <!-- setUp -->
        <test-method status="PASS" signature="validateFeaturesLink()[pri:3, instance:com.qa.testcases.LoginPageTest@39c0f4a]" name="validateFeaturesLink" duration-ms="3278" started-at="2018-12-31T11:36:10Z" finished-at="2018-12-31T11:36:14Z">
          <reporter-output>
          </reporter-output>
        </test-method> <!-- validateFeaturesLink -->
        <test-method status="PASS" signature="tearDown()[pri:0, instance:com.qa.testcases.LoginPageTest@39c0f4a]" name="tearDown" is-config="true" duration-ms="1" started-at="2018-12-31T11:36:14Z" finished-at="2018-12-31T11:36:14Z">
          <reporter-output>
          </reporter-output>
        </test-method> <!-- tearDown -->
        <test-method status="PASS" signature="setUp()[pri:0, instance:com.qa.testcases.LoginPageTest@39c0f4a]" name="setUp" is-config="true" duration-ms="8088" started-at="2018-12-31T11:36:14Z" finished-at="2018-12-31T11:36:22Z">
          <reporter-output>
          </reporter-output>
        </test-method> <!-- setUp -->
        <test-method status="PASS" signature="loginToFreeCRMApplication()[pri:4, instance:com.qa.testcases.LoginPageTest@39c0f4a]" name="loginToFreeCRMApplication" duration-ms="5513" started-at="2018-12-31T11:36:22Z" finished-at="2018-12-31T11:36:27Z">
          <reporter-output>
          </reporter-output>
        </test-method> <!-- loginToFreeCRMApplication -->
        <test-method status="PASS" signature="tearDown()[pri:0, instance:com.qa.testcases.LoginPageTest@39c0f4a]" name="tearDown" is-config="true" duration-ms="0" started-at="2018-12-31T11:36:27Z" finished-at="2018-12-31T11:36:27Z">
          <reporter-output>
          </reporter-output>
        </test-method> <!-- tearDown -->
      </class> <!-- com.qa.testcases.LoginPageTest -->
    </test> <!-- Default test -->
  </suite> <!-- Default suite -->
</testng-results>
