<?xml version="1.0" encoding="UTF-8"?>
<!-- Generated by org.testng.reporters.JUnitXMLReporter -->
<testsuite hostname="EXAIN-IT-L0108" ignored="2" name="Chrome LoginPage Test" tests="2" failures="0" timestamp="17 Dec 2018 12:25:56 GMT" time="33.103" errors="0">
  <testcase name="loginPageTitleTest" time="6.822" classname="com.qa.testcases.LoginPageTest"/>
  <testcase name="loginPageLogoTest" time="4.969" classname="com.qa.testcases.LoginPageTest"/>
  <testcase name="validateFeaturesLink" time="0.0" classname="com.qa.testcases.LoginPageTest">
    <ignored/>
  </testcase> <!-- validateFeaturesLink -->
  <testcase name="loginToFreeCRMApplication" time="0.0" classname="com.qa.testcases.LoginPageTest">
    <ignored/>
  </testcase> <!-- loginToFreeCRMApplication -->
</testsuite> <!-- Chrome LoginPage Test -->
