<?xml version="1.0" encoding="UTF-8"?>
<!-- Generated by org.testng.reporters.JUnitXMLReporter -->
<testsuite hostname="EXAIN-IT-L0108" ignored="1" name="Chrome HomePage Test" tests="2" failures="0" timestamp="17 Dec 2018 12:39:39 GMT" time="33.041" errors="0">
  <testcase name="homePageTitleTest" time="0.748" classname="com.qa.testcases.HomePageTest"/>
  <testcase name="homePageUserValidation" time="4.492" classname="com.qa.testcases.HomePageTest"/>
  <testcase name="homePageContactsLink" time="0.0" classname="com.qa.testcases.HomePageTest">
    <ignored/>
  </testcase> <!-- homePageContactsLink -->
</testsuite> <!-- Chrome HomePage Test -->
