<?xml version="1.0" encoding="UTF-8"?>
<!-- Generated by org.testng.reporters.JUnitXMLReporter -->
<testsuite hostname="EXAIN-IT-L0108" ignored="2" name="Firefox LoginPage Test" tests="2" failures="0" timestamp="17 Dec 2018 12:39:34 GMT" time="28.284" errors="0">
  <testcase name="loginPageTitleTest" time="0.094" classname="com.qa.testcases.LoginPageTest"/>
  <testcase name="loginPageLogoTest" time="1.002" classname="com.qa.testcases.LoginPageTest"/>
  <testcase name="validateFeaturesLink" time="0.0" classname="com.qa.testcases.LoginPageTest">
    <ignored/>
  </testcase> <!-- validateFeaturesLink -->
  <testcase name="loginToFreeCRMApplication" time="0.0" classname="com.qa.testcases.LoginPageTest">
    <ignored/>
  </testcase> <!-- loginToFreeCRMApplication -->
</testsuite> <!-- Firefox LoginPage Test -->
